slurmstepd: info: Setting TMPDIR to /scratch/13892. Previous errors about TMPDIR can be discarded
autotools loaded
prun/2.2 loaded
gnu12/12.2.0 loaded
hwloc/2.7.0 loaded
ucx/1.11.2 loaded
libfabric/1.13.0 loaded
openmpi4/4.1.4 loaded
ohpc loaded
qmio/hpc unloaded

Inactive Modules:
  1) qmio/hpc

	Preparing the qulacs module.
    
gnu12/12.2.0 unloaded
hwloc/2.7.0 unloaded
ucx/1.11.2 unloaded
libfabric/1.13.0 unloaded
openmpi4/4.1.4 unloaded
gnu12/12.2.0 loaded
hwloc/2.7.0 loaded
ucx/1.11.2 loaded
libfabric/1.13.0 loaded
openmpi4/4.1.4 loaded
py3-mpi4py/3.1.3 loaded
hpcx-mt-ompi loaded
qulacs-hpcx/1.0 loaded
c7-101
c7-101


-------------PRUEBA QULACS-------------


[ 0.19122  0.13462  0.08217 ...  0.      -0.      -0.     ]
Time with Qulacs:  7.1055614948272705
Solución: [0.06809166 0.12763513 0.17868067 0.22122135 0.25532651 0.28093764
 0.2980614  0.30663171 0.30663171 0.2980614  0.28093764 0.2553265
 0.22122135 0.17868067 0.12763513 0.06809166]

*****************************************************************************
*                                                                           *
*                    JOB EFFICIENCY REPORT (seff 13892)                   *
*                                                                           *
*****************************************************************************

Job ID: 13892
Cluster: qmio
User/Group: usceifft/usc
State: COMPLETED (exit code 0)
Nodes: 1
Cores per node: 48
CPU Utilized: 00:01:00
CPU Efficiency: 2.02% of 00:49:36 core-walltime
Job Wall-clock time: 00:01:02
Memory Utilized: 289.44 MB
Memory Efficiency: 1.00% of 28.12 GB

 +++++++++++++++++++++++++++++++++++++++++++++++++++++++++++++++++++++++++++
 ++   Memory Efficiency is too small. Please review the requested memory. ++
 ++ It seems that you do not need that much memory so we recommend        ++
 ++ requesting less memory in other similar jobs.                         ++
 +++++++++++++++++++++++++++++++++++++++++++++++++++++++++++++++++++++++++++
 
*****************************************************************************

