slurmstepd: info: Setting TMPDIR to /scratch/13743. Previous errors about TMPDIR can be discarded
libffi/3.4.2 loaded
gmp/6.1.2 loaded
glpk/4.65 loaded
python/3.9.9 loaded
qmio-run/0.1.3-python-3.9.9 loaded
qmio-tools/0.1.1-python-3.9.9 loaded
gcccore/12.3.0 loaded
binutils/2.40 loaded
gcc/12.3.0 loaded
rust/1.75.0 loaded
cmake/3.27.6 loaded

imkl/2023.2.0 loaded
ninja/1.9.0 loaded
meson/1.4.0-python-3.9.9 loaded
meson-python/0.16.0-python-3.9.9 loaded
cython/3.0.9-python-3.9.9 loaded
numpy/1.26.4-python-3.9.9 loaded
pythran/0.15.0-python-3.9.9 loaded
pybind11/2.12.0-python-3.9.9 loaded
xsimd/12.1.1 loaded
scipy/1.13.0-python-3.9.9 loaded
llvm/16.0.0 loaded
gmp/6.1.2 unloaded
gmp/6.3.0 loaded
mpfr/4.2.1 loaded
mpc/1.3.1 loaded
flint/3.1.2 loaded
symengine/0.11.2 loaded
symengine-python/0.11.0-python-3.9.9 loaded
spdlog/1.9.2 loaded
pylatexenc/2.10-python-3.9.9 loaded
libgd/2.3.3 loaded
nasm/2.16.03 loaded
libjpeg-turbo/3.0.2 loaded
matplotlib/3.5.3-python-3.9.9 loaded
pandas/2.2.2-python-3.9.9 loaded
seaborn/0.12.2-python-3.9.9 loaded
qiskit/1.0.2-python-3.9.9 loaded
libffi/3.4.2 unloaded
libffi/3.4.2 loaded
python/3.9.9 unloaded
sqlite/3.45.3 loaded
python/3.9.9 loaded
qmio-tools/0.1.1-python-3.9.9 unloaded
qmio-tools/0.1.2-python-3.9.9 loaded

Due to MODULEPATH changes, the following have been reloaded:
  1) libffi/3.4.2     2) python/3.9.9

The following have been reloaded with a version change:
  1) gmp/6.1.2 => gmp/6.3.0
  2) qmio-tools/0.1.1-python-3.9.9 => qmio-tools/0.1.2-python-3.9.9

Importing calibrations from  /opt/cesga/qmio/hpc/calibrations/2024_07_09__12_00_01.json
Importing calibrations from  /opt/cesga/qmio/hpc/calibrations/2024_07_09__12_00_01.json
{'0100': 1930, '0001': 1855, '1010': 2661, '1100': 2739, '1011': 2174, '0111': 1839, '0011': 1605, '1000': 35804, '0110': 1831, '1101': 2805, '1110': 1813, '1001': 36006, '0101': 1861, '1111': 1712, '0000': 1803, '0010': 1562}
Estimated amplitudes of the solution: [0.7735402  0.77462894]
Solution:  [1.01280017 1.01422567]

*****************************************************************************
*                                                                           *
*                    JOB EFFICIENCY REPORT (seff 13743)                   *
*                                                                           *
*****************************************************************************

Job ID: 13743
Cluster: qmio
User/Group: usceifft/usc
State: COMPLETED (exit code 0)
Nodes: 1
Cores per node: 64
CPU Utilized: 00:00:15
CPU Efficiency: 5.86% of 00:04:16 core-walltime
Job Wall-clock time: 00:00:04
Memory Utilized: 0.00 MB (estimated maximum)
Memory Efficiency: 0.00% of 64.00 GB (1.00 GB/core)

 +++++++++++++++++++++++++++++++++++++++++++++++++++++++++++++++++++++++++++
 ++   Memory Efficiency is too small. Please review the requested memory. ++
 ++ It seems that you do not need that much memory so we recommend        ++
 ++ requesting less memory in other similar jobs.                         ++
 +++++++++++++++++++++++++++++++++++++++++++++++++++++++++++++++++++++++++++
 
*****************************************************************************

