slurmstepd: info: Setting TMPDIR to /scratch/13748. Previous errors about TMPDIR can be discarded
libffi/3.4.2 loaded
gmp/6.1.2 loaded
glpk/4.65 loaded
python/3.9.9 loaded
qmio-run/0.1.3-python-3.9.9 loaded
qmio-tools/0.1.1-python-3.9.9 loaded
gcccore/12.3.0 loaded
binutils/2.40 loaded
gcc/12.3.0 loaded
rust/1.75.0 loaded
cmake/3.27.6 loaded

imkl/2023.2.0 loaded
ninja/1.9.0 loaded
meson/1.4.0-python-3.9.9 loaded
meson-python/0.16.0-python-3.9.9 loaded
cython/3.0.9-python-3.9.9 loaded
numpy/1.26.4-python-3.9.9 loaded
pythran/0.15.0-python-3.9.9 loaded
pybind11/2.12.0-python-3.9.9 loaded
xsimd/12.1.1 loaded
scipy/1.13.0-python-3.9.9 loaded
llvm/16.0.0 loaded
gmp/6.1.2 unloaded
gmp/6.3.0 loaded
mpfr/4.2.1 loaded
mpc/1.3.1 loaded
flint/3.1.2 loaded
symengine/0.11.2 loaded
symengine-python/0.11.0-python-3.9.9 loaded
spdlog/1.9.2 loaded
pylatexenc/2.10-python-3.9.9 loaded
libgd/2.3.3 loaded
nasm/2.16.03 loaded
libjpeg-turbo/3.0.2 loaded
matplotlib/3.5.3-python-3.9.9 loaded
pandas/2.2.2-python-3.9.9 loaded
seaborn/0.12.2-python-3.9.9 loaded
qiskit/1.0.2-python-3.9.9 loaded
libffi/3.4.2 unloaded
libffi/3.4.2 loaded
python/3.9.9 unloaded
sqlite/3.45.3 loaded
python/3.9.9 loaded
qmio-tools/0.1.1-python-3.9.9 unloaded
qmio-tools/0.1.2-python-3.9.9 loaded

Due to MODULEPATH changes, the following have been reloaded:
  1) libffi/3.4.2     2) python/3.9.9

The following have been reloaded with a version change:
  1) gmp/6.1.2 => gmp/6.3.0
  2) qmio-tools/0.1.1-python-3.9.9 => qmio-tools/0.1.2-python-3.9.9

Importing calibrations from  /opt/cesga/qmio/hpc/calibrations/2024_07_10__12_00_02.json
Importing calibrations from  /opt/cesga/qmio/hpc/calibrations/2024_07_10__12_00_02.json
{'1100000101': 79, '1001010110': 68, '1110011010': 83, '1010101010': 92, '0000110000': 88, '1001100100': 69, '1011111011': 87, '1001011010': 86, '1001110010': 84, '1010111010': 85, '1010111111': 80, '0101111110': 113, '1001100111': 75, '1101101110': 90, '0011000111': 126, '0011011001': 117, '1101101111': 75, '0100100011': 91, '0101111000': 109, '1000110000': 91, '1110110011': 71, '1000000110': 87, '0101001101': 116, '1011100101': 82, '1101111101': 80, '1001000100': 77, '0110100111': 109, '0101000111': 114, '1110011011': 87, '1100100000': 74, '1101010111': 80, '1011110100': 78, '1010111110': 109, '0101100100': 87, '1011011100': 75, '1100000010': 94, '1111011100': 74, '0110110001': 105, '1000111110': 82, '1101011011': 90, '0000000100': 98, '0001110110': 99, '0010001011': 132, '0101001011': 130, '1011111100': 67, '0100010101': 103, '0010010100': 100, '1100100110': 82, '0110010010': 110, '1101101100': 89, '1111111110': 73, '1000010010': 105, '1010111000': 91, '0011101010': 114, '0001010001': 107, '0110110111': 98, '1100010111': 78, '0011001101': 118, '1000001110': 81, '1001101101': 85, '1010100111': 94, '1000110110': 99, '0011011101': 106, '1001011011': 119, '1100100011': 99, '1001100000': 85, '1100101010': 70, '0110001010': 128, '0010111011': 106, '1011001010': 88, '0111100000': 106, '0110011111': 98, '1110101010': 79, '1010001011': 109, '0010111001': 129, '0100010011': 117, '0100111011': 120, '1010000111': 76, '0011111010': 107, '0011001000': 91, '0000111010': 124, '0000101101': 116, '1001010100': 97, '0000101001': 120, '0000111100': 107, '0000101111': 108, '0101100111': 86, '0100101010': 104, '1110011001': 90, '0000100000': 109, '0111101101': 111, '1111111010': 94, '0001101010': 123, '1010011100': 67, '1001011110': 90, '1011001001': 105, '1010101001': 79, '1101101000': 79, '1001111100': 81, '1011010000': 78, '1101110111': 73, '1101110010': 83, '0100000110': 110, '1110110000': 83, '1010000010': 96, '1101111011': 86, '0010010101': 110, '0100111111': 87, '1010000100': 77, '0100101011': 108, '1011100100': 73, '0001100000': 91, '1100010011': 89, '1100001000': 101, '1010010010': 88, '1100111000': 73, '0010010011': 121, '0111001111': 127, '0001000111': 118, '1001001011': 110, '0111111111': 112, '1101010101': 74, '0100100000': 97, '0100111001': 99, '1010100101': 85, '0011001001': 99, '1011101010': 101, '1000010111': 109, '1101111110': 77, '1000001001': 91, '1101000010': 95, '1111011011': 94, '0011010010': 121, '1100111100': 88, '1001110011': 93, '0111000010': 98, '0000011000': 119, '1010101111': 79, '0010001111': 119, '1111111000': 96, '1100111011': 77, '1000101000': 93, '1001011100': 85, '0010000001': 128, '0011110011': 119, '1011101100': 78, '1001011111': 93, '0101010001': 117, '0001101100': 97, '0010001000': 112, '1111001001': 74, '1001010000': 87, '0000101000': 108, '1100000001': 77, '1011010100': 84, '1101011111': 79, '1110111001': 81, '1111010101': 80, '1100010101': 82, '0001111010': 119, '0001110001': 134, '0111110100': 88, '0111111110': 98, '1110110110': 59, '0000001110': 121, '1010001001': 94, '0101001111': 107, '0111100010': 107, '0010000111': 99, '0011001100': 118, '1111111100': 83, '1100000100': 87, '1101110100': 79, '0010110011': 104, '0111001001': 123, '1111001011': 102, '1110101100': 70, '0010011001': 117, '1100110010': 87, '1010011110': 86, '1101111010': 90, '1001111111': 74, '0110110110': 104, '1111110111': 88, '0100000001': 122, '0100011111': 102, '1111110010': 78, '1000001011': 87, '0110111110': 117, '1000101111': 97, '1011111110': 86, '1011011101': 80, '1001101001': 96, '1110100111': 82, '1110111110': 85, '1011000001': 110, '0001000110': 108, '1100010000': 75, '0011010100': 116, '0110101011': 107, '1100011110': 91, '1100000110': 75, '0010111101': 99, '0100010111': 110, '1000110100': 83, '0111010110': 118, '1010010110': 77, '0111111000': 99, '0110110100': 97, '0110001100': 104, '0010011110': 106, '1100110100': 66, '0011000110': 85, '0010001010': 118, '0011100001': 131, '0110010111': 111, '1101111001': 86, '1011110111': 75, '1100001001': 83, '0110101101': 102, '1011000110': 83, '0000110101': 101, '1101100011': 99, '0100111100': 102, '1111101111': 96, '0101100001': 106, '0101101111': 98, '1010000101': 100, '1110000011': 79, '0101000010': 120, '1101011001': 90, '0111111100': 103, '1101000000': 95, '0001001100': 111, '0001110011': 133, '0110010001': 133, '1110011000': 74, '0001101110': 101, '0100110110': 109, '1101001100': 83, '1110101101': 97, '1011010001': 96, '0110100101': 93, '0111000001': 108, '0000010000': 111, '1101101101': 78, '1000111000': 77, '1000100100': 74, '1001101111': 84, '1100001010': 99, '0010100100': 116, '1101001000': 96, '1010110001': 91, '1010100011': 92, '0110011110': 101, '0001001011': 128, '0001101011': 123, '0110011000': 137, '0100110100': 102, '0001110000': 107, '0001001110': 128, '1100111001': 82, '1110111100': 79, '0001001111': 115, '1110010010': 89, '1111001100': 80, '1010101100': 82, '1101111100': 84, '0101100110': 96, '1101010110': 91, '1111101101': 92, '0111011001': 105, '1000010101': 109, '0000010100': 99, '0100101000': 104, '1101001001': 74, '1100110001': 83, '1010011010': 92, '1111100010': 85, '0100000101': 115, '0111010000': 94, '1111010110': 86, '1011100001': 100, '0100001000': 116, '1110101110': 85, '0111001110': 117, '1000101001': 90, '0101011011': 123, '0000000111': 122, '1110001010': 106, '0110111111': 97, '1001100010': 89, '0111011101': 117, '1011101110': 98, '0000010010': 107, '0100001011': 107, '1000010000': 92, '0100010110': 111, '0100100010': 113, '0010000100': 110, '1011001100': 96, '0111110101': 104, '0100100101': 94, '0111110001': 104, '1110001000': 81, '1110001110': 89, '0010101010': 127, '0100101100': 102, '0111101111': 115, '1110100011': 94, '0101000101': 100, '0110100000': 91, '1110000010': 94, '0100100001': 98, '1011011111': 92, '1011000101': 81, '0101011100': 96, '1110111000': 91, '1000100010': 79, '1111010111': 86, '1010111011': 94, '0010101111': 110, '1101100100': 78, '0000111110': 110, '1100100001': 74, '0000000101': 103, '1010110111': 66, '1010010011': 88, '1100110111': 83, '1101000110': 84, '1111111101': 84, '0010111000': 107, '0100000100': 109, '0111101000': 93, '0110101001': 107, '1101011000': 97, '1111100000': 62, '1100101111': 80, '0100111000': 98, '0001000010': 116, '1001000010': 91, '1110110111': 78, '0111110011': 81, '0111001000': 95, '1011000000': 97, '0111100110': 91, '0000011001': 111, '0111010010': 103, '0010100101': 113, '1111000101': 101, '1111101110': 90, '0001000100': 95, '1101001101': 106, '0100111010': 121, '1110101111': 89, '1010001101': 100, '0000110110': 83, '1111011111': 85, '0010100011': 115, '0001110100': 93, '1111010011': 82, '0110100001': 113, '1000111001': 101, '1001101011': 117, '1111001110': 85, '0110000011': 100, '1100110011': 82, '1011000111': 101, '1000101101': 87, '0010000110': 114, '0110000100': 99, '0001111011': 107, '1001101100': 82, '0010100110': 112, '0101001001': 125, '1100101100': 68, '1110000000': 85, '0110011010': 107, '0000100100': 94, '1000010011': 114, '0101110101': 107, '1000100000': 97, '1001001010': 102, '1110101000': 96, '0101111010': 100, '0111011011': 126, '0010000101': 118, '1111010001': 96, '0100110010': 112, '1001101110': 114, '1011101011': 90, '1001111110': 81, '1011100010': 73, '1010110010': 86, '1011110110': 64, '1011101111': 82, '0110000010': 111, '0011100000': 103, '1110000101': 78, '0110001111': 101, '1100101000': 88, '0100001100': 113, '0100100100': 100, '0111110110': 93, '0000011101': 95, '1100011001': 87, '1101000101': 82, '1011011011': 88, '0000000110': 106, '1010000011': 106, '0111010111': 104, '0110110101': 84, '1011111000': 82, '0010001100': 96, '0011111110': 116, '0101010000': 110, '1011110101': 69, '0100110001': 99, '0100000011': 108, '0000100101': 107, '0001101101': 110, '0010101001': 110, '0010101110': 107, '1110010001': 87, '0000001010': 125, '1010010111': 86, '0000000000': 130, '0011001010': 121, '0010100001': 132, '1111100001': 94, '0010000011': 112, '0010010000': 90, '1000000111': 96, '0000010110': 107, '1011011001': 89, '0010101101': 110, '0000000010': 119, '0000010111': 100, '0111011110': 102, '0111001010': 116, '0000101010': 126, '0001101000': 114, '0010110000': 98, '1011101000': 71, '1000110011': 99, '1100010010': 79, '1111000010': 89, '1101100001': 89, '1111110101': 84, '1011000011': 98, '1001110101': 78, '1001010010': 103, '1010100001': 88, '1000000001': 123, '1000010001': 87, '0001001101': 98, '0111111011': 90, '0001010111': 112, '1001110001': 95, '0111011111': 123, '1101000100': 86, '0100011100': 107, '1000110111': 74, '0111101100': 115, '0000100010': 99, '0101011001': 99, '1010001100': 97, '0010000010': 107, '0101110011': 117, '0101000100': 108, '0010001101': 114, '0110100010': 112, '1101111111': 82, '1001010101': 86, '0100110000': 100, '1101110011': 87, '0001111111': 123, '1100001111': 69, '1100011011': 88, '1011100011': 89, '1111101011': 96, '1001111010': 77, '1100001011': 97, '0011101110': 107, '0011000101': 105, '0010110100': 88, '1111111111': 76, '1110011101': 85, '1110100100': 57, '1000011000': 101, '1010110000': 69, '0111101010': 99, '0011100110': 108, '1011011110': 75, '1111000001': 70, '0101001010': 105, '0100110101': 76, '1111001000': 114, '1110100001': 92, '0110110000': 91, '0000000011': 128, '0010000000': 118, '1001111000': 85, '1011010010': 99, '1010011011': 106, '1001000011': 105, '1111001111': 92, '1001001001': 106, '1101001110': 79, '0111111010': 105, '1001111011': 79, '0111110000': 108, '1010001000': 85, '1101011010': 91, '0011011110': 113, '1100101110': 78, '0001100110': 109, '1111110001': 82, '0011111001': 128, '1100100101': 103, '0010010111': 114, '1011100110': 82, '0110000110': 97, '0111100011': 125, '1000000101': 79, '1000011001': 89, '0101010100': 100, '1000110101': 91, '0101111101': 96, '1111000011': 102, '1000100111': 93, '1101001010': 93, '1100100100': 74, '0011010111': 111, '1110010101': 71, '1010100110': 76, '0101010101': 112, '1001011000': 71, '0110100011': 126, '0001011000': 96, '0001110111': 100, '0001011100': 107, '1001101010': 85, '0001011111': 113, '1101101001': 94, '1010001010': 105, '1011100111': 93, '0110000001': 102, '1100000011': 94, '1110010000': 82, '1011101001': 90, '0100100111': 115, '0110110010': 111, '1100010001': 90, '1100001101': 84, '0101101011': 97, '1100110000': 93, '0101101101': 101, '0111000101': 98, '1001101000': 102, '0101111111': 120, '0100010001': 116, '0101110010': 112, '1011001101': 83, '0011001111': 110, '0011111111': 109, '0100010100': 102, '1110110001': 88, '0010110110': 113, '0000101011': 100, '0110111001': 124, '0100111101': 111, '0100101001': 102, '0101000001': 120, '1011010110': 87, '0010100010': 112, '1100111101': 67, '0000011110': 98, '0000001011': 124, '1001100101': 86, '0001011101': 134, '1101101011': 86, '0010101100': 105, '1011110001': 98, '1101000111': 100, '0111100111': 90, '1101100101': 65, '1111101010': 89, '0001010010': 144, '0011110000': 126, '0000001001': 137, '1001001110': 107, '1000011011': 64, '1101010001': 84, '1101100110': 70, '1100110101': 85, '1000110010': 73, '1111110100': 84, '0111010001': 128, '1110001111': 79, '0001100101': 109, '1001110100': 88, '0001111000': 124, '1010011000': 79, '0011010101': 124, '0100111110': 92, '0000011111': 118, '0110010101': 130, '1110111111': 92, '0111010101': 102, '1000111111': 83, '1011010101': 89, '0001000101': 114, '0011000001': 121, '0111100101': 125, '1110000100': 60, '1110001001': 90, '1010100010': 97, '0000101100': 119, '1110100010': 100, '1010011101': 82, '0101100010': 123, '0001011010': 114, '0010010110': 113, '0100100110': 100, '0000001000': 90, '0000111000': 111, '0100010000': 102, '1000000100': 79, '0011101001': 110, '0010011111': 138, '0011111000': 97, '0000100111': 109, '1101100000': 91, '0101110110': 84, '0100011011': 119, '1111111001': 83, '1011110011': 85, '1111011110': 74, '0110010110': 109, '0110001011': 135, '1001110111': 93, '1111000110': 81, '1111001101': 86, '0001100010': 133, '0011011100': 110, '0001111110': 90, '0011111100': 96, '0011100101': 116, '1111011010': 85, '0101010110': 104, '1110100101': 73, '0011110010': 92, '1100111111': 72, '0111000110': 116, '1101110001': 86, '1110101011': 89, '1111011001': 93, '0110111010': 110, '1100101011': 92, '0011110101': 96, '0100001110': 109, '0101111001': 97, '1111000100': 87, '1011001110': 72, '0111011010': 110, '0101011101': 113, '0011100111': 118, '0001110010': 108, '0001010100': 112, '0010101011': 100, '1111000111': 99, '0000111001': 114, '1110000111': 84, '0101010111': 112, '0111011100': 100, '0011000011': 114, '0010111110': 104, '0111011000': 107, '0010111100': 87, '1001001111': 93, '0111100001': 117, '0100000111': 109, '0000110010': 111, '0110001101': 112, '1010010000': 70, '0010111010': 110, '0000111011': 86, '0001111100': 111, '0101011110': 88, '0001100111': 108, '1001100001': 85, '1010011001': 81, '0101010011': 119, '1010110011': 93, '0110011100': 112, '1100010100': 67, '0011101011': 113, '0000100011': 118, '0001100100': 102, '0110100110': 94, '1100100111': 81, '0100011001': 103, '1110111010': 86, '0010100111': 100, '0101001110': 108, '1001000110': 101, '0001111101': 106, '0001010000': 127, '0101010010': 122, '0101101100': 112, '1111100011': 98, '1111100110': 79, '1000000011': 112, '1101011110': 74, '1010100100': 64, '0110101110': 78, '1010111101': 75, '0100011010': 123, '0101101010': 102, '1100001100': 77, '1011011000': 93, '1111000000': 73, '1100011000': 84, '0101000011': 118, '1001011001': 102, '1110010011': 107, '1010101000': 85, '0110101010': 109, '0101110001': 106, '0110010011': 120, '0000110011': 134, '0011101111': 101, '0111001101': 102, '0001011001': 131, '1011000010': 97, '0011110110': 107, '0011100010': 101, '0111110010': 93, '0100000000': 98, '1001100011': 94, '1010110110': 85, '1111010100': 71, '1011001000': 94, '1011001111': 85, '0101000000': 116, '0101001100': 112, '1110100110': 74, '1110010110': 102, '0101110111': 100, '1001010111': 89, '1110110100': 79, '0111101001': 104, '1111110000': 81, '0110111100': 97, '1000101110': 93, '0100001010': 124, '1110001101': 87, '0110111101': 90, '1011111010': 76, '0011011010': 115, '0011010001': 122, '1101110000': 69, '1011111101': 83, '0110001110': 108, '1000000000': 84, '0111000011': 115, '0111111001': 107, '0111111101': 89, '0111101110': 93, '0101111100': 94, '0001000001': 118, '1101000011': 103, '1011010111': 87, '0101111011': 116, '0110011001': 91, '1010101110': 85, '1000111011': 85, '0101101000': 105, '0000010101': 92, '1001100110': 81, '0001001010': 112, '1101011101': 94, '0000110001': 114, '1010010001': 97, '1110001100': 75, '0101101001': 131, '0000001111': 114, '0010010001': 128, '1000101010': 79, '0001010011': 120, '1001000111': 88, '1100011100': 85, '0011010000': 108, '1010111100': 86, '1101100111': 95, '1101000001': 96, '1000001111': 86, '0010111111': 114, '1010010101': 73, '1000110001': 82, '0000011100': 105, '1110000110': 81, '1110000001': 93, '0010011101': 114, '1010110100': 71, '1101110110': 68, '1011011010': 103, '1100101001': 84, '1000011111': 86, '0101100101': 122, '0010110001': 106, '1000101011': 90, '0111100100': 94, '0100001111': 123, '1010011111': 89, '0010001110': 115, '1110100000': 70, '1111010000': 79, '0001011110': 118, '0111010100': 91, '1101101010': 106, '0011101101': 115, '0010011010': 102, '0011001011': 122, '0110101000': 111, '0010001001': 108, '1011111001': 71, '0100011000': 112, '0000110100': 86, '0000011011': 110, '0110000111': 100, '1111101001': 88, '1100010110': 68, '0110001000': 124, '1001110000': 85, '1010010100': 70, '1101010100': 88, '0011011000': 118, '1010001111': 92, '0000011010': 115, '1100110110': 86, '1111010010': 86, '1000011010': 103, '0010110010': 119, '1100000000': 74, '1010110101': 79, '1001111001': 78, '1101001011': 94, '1011000100': 87, '0000111101': 97, '0101011010': 113, '1000011110': 91, '1111011000': 76, '1000001100': 105, '0010101000': 111, '1011001011': 94, '1110011111': 95, '1000100101': 84, '0101110100': 103, '1000111100': 87, '1101111000': 73, '0111010011': 134, '0000100001': 111, '1000101100': 70, '1001000000': 87, '0011000010': 103, '1110111011': 77, '1110111101': 81, '0011100011': 110, '1010111001': 79, '1010100000': 81, '1000010110': 87, '1000001101': 93, '1010000110': 85, '1101011100': 59, '0001111001': 100, '1000100011': 100, '1110110010': 72, '0011010011': 119, '1000001000': 90, '0100011101': 105, '1000000010': 100, '1000100001': 88, '1100011010': 95, '1100111110': 68, '0000001100': 111, '0111110111': 91, '1111100100': 68, '0001010101': 117, '0110000000': 85, '1100111010': 68, '0100101110': 105, '0001100011': 112, '0100101101': 83, '1010101101': 68, '0100000010': 98, '0010100000': 103, '0000010011': 114, '0011000000': 116, '0001000000': 133, '1001011101': 84, '0001011011': 135, '0010110101': 109, '0110011011': 134, '1000111010': 94, '0001100001': 127, '1110011110': 79, '0101011111': 107, '1100000111': 95, '0011000100': 109, '1101110101': 75, '1011110000': 71, '0000001101': 104, '1001010011': 104, '1001001000': 110, '1111001010': 105, '1101010000': 83, '0001010110': 121, '1111110110': 79, '1110101001': 96, '0010110111': 102, '1111101000': 89, '1111100101': 101, '1111111011': 89, '1010000001': 97, '0110111000': 106, '1110010111': 78, '0110000101': 105, '0110010100': 77, '0101100000': 110, '0110110011': 116, '0101011000': 99, '1001111101': 85, '1011100000': 75, '0000000001': 117, '0110100100': 89, '0111001011': 118, '1110001011': 110, '0100001001': 113, '0110101100': 84, '0101101110': 108, '0110011101': 112, '1101010010': 98, '0011101100': 100, '0101100011': 124, '0111001100': 106, '0000110111': 88, '1001110110': 79, '0111000111': 107, '1110011100': 96, '1010001110': 92, '1011111111': 87, '0111000000': 107, '0011111011': 114, '0101001000': 117, '0010010010': 125, '1000111101': 67, '1010000000': 89, '1111101100': 89, '0111000100': 87, '1001000101': 91, '0011011111': 107, '1101010011': 90, '0100110011': 110, '0100011110': 96, '0001101001': 127, '0011100100': 106, '0011111101': 97, '0110010000': 103, '1001001101': 76, '0011110001': 102, '0011001110': 118, '0110101111': 100, '1000100110': 82, '1110110101': 92, '0001001001': 136, '1000011100': 96, '0000111111': 111, '1001000001': 91, '1001010001': 95, '1000001010': 95, '0010011100': 107, '1100101101': 66, '0100101111': 118, '1100100010': 71, '0011110100': 110, '0110001001': 116, '0011101000': 105, '0000101110': 120, '0111101011': 119, '1110010100': 74, '0100110111': 102, '0011010110': 107, '0011011011': 113, '1111110011': 91, '1100011111': 82, '0100010010': 102, '0001101111': 122, '0001001000': 111, '1010101011': 83, '0001110101': 94, '0101110000': 110, '1101100010': 104, '1111011101': 78, '0100001101': 130, '0110111011': 123, '1100001110': 87, '1000011101': 75, '1101001111': 104, '1000010100': 70, '0011110111': 110, '0101000110': 102, '1011010011': 93, '0010011011': 123, '1111100111': 92, '0000010001': 134, '1011110010': 82, '0000100110': 117, '1001001100': 80, '1011101101': 80, '0001000011': 143, '1100011101': 72, '0010011000': 101}
Estimated amplitudes of the solution: [0.34335738 0.37770509 0.35865473 0.36896151 0.33812971 0.33812971
 0.34638284 0.35501309]
Solution:  [2.65102584 2.9162209  2.76913507 2.84871266 2.61066359 2.61066359
 2.67438516 2.74101838]

*****************************************************************************
*                                                                           *
*                    JOB EFFICIENCY REPORT (seff 13748)                   *
*                                                                           *
*****************************************************************************

Job ID: 13748
Cluster: qmio
User/Group: usceifft/usc
State: COMPLETED (exit code 0)
Nodes: 1
Cores per node: 64
CPU Utilized: 00:05:24
CPU Efficiency: 5.39% of 01:40:16 core-walltime
Job Wall-clock time: 00:01:34
Memory Utilized: 1005.85 MB
Memory Efficiency: 1.53% of 64.00 GB

 +++++++++++++++++++++++++++++++++++++++++++++++++++++++++++++++++++++++++++
 ++   Memory Efficiency is too small. Please review the requested memory. ++
 ++ It seems that you do not need that much memory so we recommend        ++
 ++ requesting less memory in other similar jobs.                         ++
 +++++++++++++++++++++++++++++++++++++++++++++++++++++++++++++++++++++++++++
 
*****************************************************************************

