slurmstepd: info: Setting TMPDIR to /scratch/13738. Previous errors about TMPDIR can be discarded
libffi/3.4.2 loaded
gmp/6.1.2 loaded
glpk/4.65 loaded
python/3.9.9 loaded
qmio-run/0.1.3-python-3.9.9 loaded
qmio-tools/0.1.1-python-3.9.9 loaded
gcccore/12.3.0 loaded
binutils/2.40 loaded
gcc/12.3.0 loaded
rust/1.75.0 loaded
cmake/3.27.6 loaded

imkl/2023.2.0 loaded
ninja/1.9.0 loaded
meson/1.4.0-python-3.9.9 loaded
meson-python/0.16.0-python-3.9.9 loaded
cython/3.0.9-python-3.9.9 loaded
numpy/1.26.4-python-3.9.9 loaded
pythran/0.15.0-python-3.9.9 loaded
pybind11/2.12.0-python-3.9.9 loaded
xsimd/12.1.1 loaded
scipy/1.13.0-python-3.9.9 loaded
llvm/16.0.0 loaded
gmp/6.1.2 unloaded
gmp/6.3.0 loaded
mpfr/4.2.1 loaded
mpc/1.3.1 loaded
flint/3.1.2 loaded
symengine/0.11.2 loaded
symengine-python/0.11.0-python-3.9.9 loaded
spdlog/1.9.2 loaded
pylatexenc/2.10-python-3.9.9 loaded
libgd/2.3.3 loaded
nasm/2.16.03 loaded
libjpeg-turbo/3.0.2 loaded
matplotlib/3.5.3-python-3.9.9 loaded
pandas/2.2.2-python-3.9.9 loaded
seaborn/0.12.2-python-3.9.9 loaded
qiskit/1.0.2-python-3.9.9 loaded
libffi/3.4.2 unloaded
libffi/3.4.2 loaded
python/3.9.9 unloaded
sqlite/3.45.3 loaded
python/3.9.9 loaded
qmio-tools/0.1.1-python-3.9.9 unloaded
qmio-tools/0.1.2-python-3.9.9 loaded

Due to MODULEPATH changes, the following have been reloaded:
  1) libffi/3.4.2     2) python/3.9.9

The following have been reloaded with a version change:
  1) gmp/6.1.2 => gmp/6.3.0
  2) qmio-tools/0.1.1-python-3.9.9 => qmio-tools/0.1.2-python-3.9.9

Importing calibrations from  /opt/cesga/qmio/hpc/calibrations/2024_07_09__12_00_01.json
Importing calibrations from  /opt/cesga/qmio/hpc/calibrations/2024_07_09__12_00_01.json
{'0100110': 80, '1100111': 20, '1101100': 28, '1001000': 37, '0000100': 113, '0100111': 95, '0011100': 114, '0011110': 102, '0000000': 101, '0011000': 99, '0111011': 82, '0001011': 95, '0110100': 108, '0100011': 113, '0110110': 104, '0100101': 93, '1011011': 20, '1110000': 38, '1011000': 39, '1010101': 36, '0110001': 108, '0110111': 79, '0010010': 97, '1001100': 24, '1010010': 30, '1010000': 47, '0010001': 90, '0001110': 92, '1110011': 45, '0110101': 95, '0101001': 115, '0101111': 86, '0000001': 92, '1000011': 41, '0101110': 97, '1101110': 23, '0001010': 82, '0101101': 94, '0101010': 85, '0100000': 101, '0000111': 93, '0111000': 95, '0100010': 106, '0010101': 114, '0100001': 97, '1010001': 32, '1001111': 25, '1101011': 43, '1100100': 38, '1011001': 31, '1101000': 35, '0010000': 125, '0011101': 100, '1000000': 33, '0101011': 89, '1101001': 39, '0111111': 82, '0110000': 82, '1100010': 34, '0011010': 92, '1000001': 40, '0101000': 100, '0011001': 104, '1110111': 49, '0001100': 110, '1100001': 42, '0111101': 68, '1011101': 28, '0010110': 84, '0010111': 88, '0000010': 105, '1110100': 30, '0000110': 84, '0100100': 111, '1101010': 32, '0111100': 115, '1100011': 23, '0011111': 88, '1011010': 23, '1000110': 30, '1111011': 24, '0110010': 102, '1001110': 35, '0001111': 72, '1111110': 30, '1111000': 27, '0001101': 84, '1000101': 35, '0000011': 87, '1100000': 51, '1111101': 21, '0001001': 77, '1010110': 34, '1010011': 22, '0111010': 90, '1111010': 39, '1000100': 45, '1001011': 34, '1001010': 21, '0010100': 85, '0011011': 79, '0101100': 103, '0110011': 89, '1110101': 39, '0000101': 107, '1101111': 20, '1001001': 31, '1001101': 35, '1010111': 29, '1011111': 22, '1111100': 34, '1111111': 24, '1000010': 43, '0111001': 96, '1110010': 37, '1101101': 33, '0001000': 95, '0111110': 80, '1010100': 33, '1000111': 29, '1011100': 35, '1111001': 32, '0010011': 102, '1110110': 38, '1100110': 39, '1011110': 16, '1110001': 42, '1100101': 36}
Estimated amplitudes of the solution: [0.52186097 0.50461735 0.49237348 0.48019873]
Solution:  [1.38348599 1.33777209 1.30531282 1.2730368 ]

*****************************************************************************
*                                                                           *
*                    JOB EFFICIENCY REPORT (seff 13738)                   *
*                                                                           *
*****************************************************************************

Job ID: 13738
Cluster: qmio
User/Group: usceifft/usc
State: COMPLETED (exit code 0)
Nodes: 1
Cores per node: 64
CPU Utilized: 00:00:28
CPU Efficiency: 4.86% of 00:09:36 core-walltime
Job Wall-clock time: 00:00:09
Memory Utilized: 0.00 MB (estimated maximum)
Memory Efficiency: 0.00% of 64.00 GB (1.00 GB/core)

 +++++++++++++++++++++++++++++++++++++++++++++++++++++++++++++++++++++++++++
 ++   Memory Efficiency is too small. Please review the requested memory. ++
 ++ It seems that you do not need that much memory so we recommend        ++
 ++ requesting less memory in other similar jobs.                         ++
 +++++++++++++++++++++++++++++++++++++++++++++++++++++++++++++++++++++++++++
 
*****************************************************************************

