slurmstepd: info: Setting TMPDIR to /scratch/13825. Previous errors about TMPDIR can be discarded
qmio-tools/0.1.1-python-3.9.9 unloaded
qmio-tools/0.1.1-python-3.9.9 loaded
gcccore/12.3.0 loaded
binutils/2.40 loaded
gcc/12.3.0 loaded
rust/1.75.0 loaded
cmake/3.27.6 loaded

imkl/2023.2.0 loaded
ninja/1.9.0 loaded
meson/1.4.0-python-3.9.9 loaded
meson-python/0.16.0-python-3.9.9 loaded
cython/3.0.9-python-3.9.9 loaded
numpy/1.26.4-python-3.9.9 loaded
pythran/0.15.0-python-3.9.9 loaded
pybind11/2.12.0-python-3.9.9 loaded
xsimd/12.1.1 loaded
scipy/1.13.0-python-3.9.9 loaded
llvm/16.0.0 loaded
gmp/6.1.2 unloaded
gmp/6.3.0 loaded
mpfr/4.2.1 loaded
mpc/1.3.1 loaded
flint/3.1.2 loaded
symengine/0.11.2 loaded
symengine-python/0.11.0-python-3.9.9 loaded
spdlog/1.9.2 loaded
pylatexenc/2.10-python-3.9.9 loaded
libgd/2.3.3 loaded
nasm/2.16.03 loaded
libjpeg-turbo/3.0.2 loaded
matplotlib/3.5.3-python-3.9.9 loaded
pandas/2.2.2-python-3.9.9 loaded
seaborn/0.12.2-python-3.9.9 loaded
qiskit/1.0.2-python-3.9.9 loaded
libffi/3.4.2 unloaded
libffi/3.4.2 loaded
python/3.9.9 unloaded
sqlite/3.45.3 loaded
python/3.9.9 loaded
qmio-tools/0.1.1-python-3.9.9 unloaded
qmio-tools/0.1.2-python-3.9.9 loaded

Due to MODULEPATH changes, the following have been reloaded:
  1) libffi/3.4.2     2) python/3.9.9

The following have been reloaded with a version change:
  1) gmp/6.1.2 => gmp/6.3.0
  2) qmio-tools/0.1.1-python-3.9.9 => qmio-tools/0.1.2-python-3.9.9



-------------PRUEBA VECTOR B-------------


[0.         0.26726792 0.53452917 0.80177704] 

Importing calibrations from  /opt/cesga/qmio/hpc/calibrations/2024_07_11__12_00_02.json
Importing calibrations from  /opt/cesga/qmio/hpc/calibrations/2024_07_11__12_00_02.json
[0.62193269 0.75252747 0.21069217 0.05010937]
{'00000000': 0.12303137303143455, '00000001': 0.10597390598633231, '00000010': 0.10711960313126631, '00000011': 0.11213046948755721, '00000100': 0.10825317547305482, '00000101': 0.10245997694221876, '00000110': 0.10065702130254005, '00000111': 0.10481568644530265, '00001000': 0.09110862335695782, '00001001': 0.11587810136086973, '00001010': 0.09695057535930357, '00001011': 0.09757809372497497, '00001100': 0.10423175050098699, '00001101': 0.10004881620988826, '00001110': 0.09631896879639025, '00001111': 0.10126157341262282, '00010000': 0.11481983169296148, '00010001': 0.10993161937086163, '00010010': 0.10245997694221876, '00010011': 0.10245997694221876, '00010100': 0.109375, '00010101': 0.10881553341550093, '00010110': 0.11321388082960498, '00010111': 0.09375, '00011000': 0.10768788087570486, '00011001': 0.10186253758129139, '00011010': 0.09043622580304864, '00011011': 0.09631896879639025, '00011100': 0.10305395279900718, '00011101': 0.10481568644530265, '00011110': 0.10186253758129139, '00011111': 0.0943987966687076, '00100000': 0.11103648752774918, '00100001': 0.10597390598633231, '00100010': 0.09757809372497497, '00100011': 0.10126157341262282, '00100100': 0.120017902310447, '00100101': 0.11535018015807344, '00100110': 0.10364452469860624, '00100111': 0.10881553341550093, '00101000': 0.10993161937086163, '00101001': 0.10881553341550093, '00101010': 0.10065702130254005, '00101011': 0.09943689110435824, '00101100': 0.09568319307746789, '00101101': 0.10126157341262282, '00101110': 0.09757809372497497, '00101111': 0.09757809372497497, '00110000': 0.11428702217443588, '00110001': 0.11535018015807344, '00110010': 0.10004881620988826, '00110011': 0.10245997694221876, '00110100': 0.1195082698498309, '00110101': 0.10481568644530265, '00110110': 0.09110862335695782, '00110111': 0.10711960313126631, '00111000': 0.10364452469860624, '00111001': 0.09695057535930357, '00111010': 0.08267972847076846, '00111011': 0.09177609472242758, '00111100': 0.10423175050098699, '00111101': 0.09568319307746789, '00111110': 0.09882117688026186, '00111111': 0.09375, '01000000': 0.019136638615493577, '01000001': 0.024705294220065465, '01000010': 0.024705294220065465, '01000011': 0.015625, '01000100': 0.015625, '01000101': 0.02209708691207961, '01000110': 0.011048543456039806, '01000111': 0.015625, '01001000': 0.02209708691207961, '01001001': 0.019136638615493577, '01001010': 0.019136638615493577, '01001011': 0.011048543456039806, '01001100': 0.015625, '01001101': 0.019136638615493577, '01001110': 0.015625, '01001111': 0.019136638615493577, '01010000': 0.024705294220065465, '01010001': 0.019136638615493577, '01010010': 0.011048543456039806, '01010011': 0.019136638615493577, '01010100': 0.011048543456039806, '01010101': 0.015625, '01010110': 0.015625, '01010111': 0, '01011000': 0.029231698334171417, '01011001': 0.02209708691207961, '01011010': 0.027063293868263706, '01011011': 0.024705294220065465, '01011100': 0.011048543456039806, '01011101': 0.011048543456039806, '01011110': 0.015625, '01011111': 0.02209708691207961, '01100000': 0.015625, '01100001': 0.019136638615493577, '01100010': 0.019136638615493577, '01100011': 0.019136638615493577, '01100100': 0.015625, '01100101': 0.019136638615493577, '01100110': 0.015625, '01100111': 0.015625, '01101000': 0.027063293868263706, '01101001': 0.019136638615493577, '01101010': 0.024705294220065465, '01101011': 0.015625, '01101100': 0.029231698334171417, '01101101': 0.02209708691207961, '01101110': 0.027063293868263706, '01101111': 0.015625, '01110000': 0.011048543456039806, '01110001': 0.03125, '01110010': 0.027063293868263706, '01110011': 0.015625, '01110100': 0.024705294220065465, '01110101': 0.019136638615493577, '01110110': 0.02209708691207961, '01110111': 0.015625, '01111000': 0.02209708691207961, '01111001': 0.029231698334171417, '01111010': 0.011048543456039806, '01111011': 0.019136638615493577, '01111100': 0.02209708691207961, '01111101': 0.027063293868263706, '01111110': 0.024705294220065465, '01111111': 0.019136638615493577, '10000000': 0.07074519639169857, '10000001': 0.06810779599282303, '10000010': 0.06051536478449089, '10000011': 0.05298695299316616, '10000100': 0.07574499777213015, '10000101': 0.07328774624724109, '10000110': 0.06442352540027595, '10000111': 0.071602745233685, '10001000': 0.05846339666834283, '10001001': 0.07074519639169857, '10001010': 0.06899813176818631, '10001011': 0.05740991584648074, '10001100': 0.061515686515717274, '10001101': 0.0625, '10001110': 0.06346905003621844, '10001111': 0.06346905003621844, '10010000': 0.06810779599282303, '10010001': 0.06629126073623882, '10010010': 0.06810779599282303, '10010011': 0.07074519639169857, '10010100': 0.07245014449606019, '10010101': 0.06899813176818631, '10010110': 0.05846339666834283, '10010111': 0.05740991584648074, '10011000': 0.06899813176818631, '10011001': 0.05633673867912483, '10011010': 0.06810779599282303, '10011011': 0.07328774624724109, '10011100': 0.0625, '10011101': 0.05182226234930312, '10011110': 0.05524271728019903, '10011111': 0.06629126073623882, '10100000': 0.07967217989988726, '10100001': 0.07574499777213015, '10100010': 0.0625, '10100011': 0.05740991584648074, '10100100': 0.06810779599282303, '10100101': 0.06987712429686843, '10100110': 0.05846339666834283, '10100111': 0.07411588266019639, '10101000': 0.06720566614877052, '10101001': 0.06629126073623882, '10101010': 0.05633673867912483, '10101011': 0.05846339666834283, '10101100': 0.06051536478449089, '10101101': 0.06899813176818631, '10101110': 0.06346905003621844, '10101111': 0.059498227389561786, '10110000': 0.06442352540027595, '10110001': 0.07411588266019639, '10110010': 0.06346905003621844, '10110011': 0.06810779599282303, '10110100': 0.06442352540027595, '10110101': 0.0625, '10110110': 0.059498227389561786, '10110111': 0.05740991584648074, '10111000': 0.08043461047646094, '10111001': 0.06536406457297465, '10111010': 0.06346905003621844, '10111011': 0.06051536478449089, '10111100': 0.06629126073623882, '10111101': 0.06051536478449089, '10111110': 0.05298695299316616, '10111111': 0.06899813176818631, '11000000': 0.011048543456039806, '11000001': 0.011048543456039806, '11000010': 0.015625, '11000011': 0.011048543456039806, '11000100': 0.015625, '11000101': 0.011048543456039806, '11000110': 0.011048543456039806, '11000111': 0.015625, '11001000': 0.019136638615493577, '11001001': 0.019136638615493577, '11001010': 0, '11001011': 0.015625, '11001100': 0.011048543456039806, '11001101': 0, '11001110': 0.015625, '11001111': 0.011048543456039806, '11010000': 0.02209708691207961, '11010001': 0.011048543456039806, '11010010': 0.011048543456039806, '11010011': 0.011048543456039806, '11010100': 0.02209708691207961, '11010101': 0.011048543456039806, '11010110': 0.019136638615493577, '11010111': 0.019136638615493577, '11011000': 0.011048543456039806, '11011001': 0, '11011010': 0, '11011011': 0.011048543456039806, '11011100': 0.011048543456039806, '11011101': 0.015625, '11011110': 0.015625, '11011111': 0.015625, '11100000': 0.015625, '11100001': 0.011048543456039806, '11100010': 0.02209708691207961, '11100011': 0.019136638615493577, '11100100': 0.019136638615493577, '11100101': 0.02209708691207961, '11100110': 0, '11100111': 0, '11101000': 0.011048543456039806, '11101001': 0.011048543456039806, '11101010': 0.011048543456039806, '11101011': 0.011048543456039806, '11101100': 0.019136638615493577, '11101101': 0.019136638615493577, '11101110': 0.015625, '11101111': 0.011048543456039806, '11110000': 0.02209708691207961, '11110001': 0.011048543456039806, '11110010': 0.02209708691207961, '11110011': 0.011048543456039806, '11110100': 0.011048543456039806, '11110101': 0.011048543456039806, '11110110': 0.011048543456039806, '11110111': 0.015625, '11111000': 0.011048543456039806, '11111001': 0.015625, '11111010': 0.019136638615493577, '11111011': 0.015625, '11111100': 0, '11111101': 0.011048543456039806, '11111110': 0.015625, '11111111': 0}

*****************************************************************************
*                                                                           *
*                    JOB EFFICIENCY REPORT (seff 13825)                   *
*                                                                           *
*****************************************************************************

Job ID: 13825
Cluster: qmio
User/Group: usceifft/usc
State: COMPLETED (exit code 0)
Nodes: 1
Cores per node: 64
CPU Utilized: 00:00:18
CPU Efficiency: 4.69% of 00:06:24 core-walltime
Job Wall-clock time: 00:00:06
Memory Utilized: 0.00 MB (estimated maximum)
Memory Efficiency: 0.00% of 64.00 GB (1.00 GB/core)

 +++++++++++++++++++++++++++++++++++++++++++++++++++++++++++++++++++++++++++
 ++   Memory Efficiency is too small. Please review the requested memory. ++
 ++ It seems that you do not need that much memory so we recommend        ++
 ++ requesting less memory in other similar jobs.                         ++
 +++++++++++++++++++++++++++++++++++++++++++++++++++++++++++++++++++++++++++
 
*****************************************************************************

