slurmstepd: info: Setting TMPDIR to /scratch/13739. Previous errors about TMPDIR can be discarded
libffi/3.4.2 loaded
gmp/6.1.2 loaded
glpk/4.65 loaded
python/3.9.9 loaded
qmio-run/0.1.3-python-3.9.9 loaded
qmio-tools/0.1.1-python-3.9.9 loaded
gcccore/12.3.0 loaded
binutils/2.40 loaded
gcc/12.3.0 loaded
rust/1.75.0 loaded
cmake/3.27.6 loaded

imkl/2023.2.0 loaded
ninja/1.9.0 loaded
meson/1.4.0-python-3.9.9 loaded
meson-python/0.16.0-python-3.9.9 loaded
cython/3.0.9-python-3.9.9 loaded
numpy/1.26.4-python-3.9.9 loaded
pythran/0.15.0-python-3.9.9 loaded
pybind11/2.12.0-python-3.9.9 loaded
xsimd/12.1.1 loaded
scipy/1.13.0-python-3.9.9 loaded
llvm/16.0.0 loaded
gmp/6.1.2 unloaded
gmp/6.3.0 loaded
mpfr/4.2.1 loaded
mpc/1.3.1 loaded
flint/3.1.2 loaded
symengine/0.11.2 loaded
symengine-python/0.11.0-python-3.9.9 loaded
spdlog/1.9.2 loaded
pylatexenc/2.10-python-3.9.9 loaded
libgd/2.3.3 loaded
nasm/2.16.03 loaded
libjpeg-turbo/3.0.2 loaded
matplotlib/3.5.3-python-3.9.9 loaded
pandas/2.2.2-python-3.9.9 loaded
seaborn/0.12.2-python-3.9.9 loaded
qiskit/1.0.2-python-3.9.9 loaded
libffi/3.4.2 unloaded
libffi/3.4.2 loaded
python/3.9.9 unloaded
sqlite/3.45.3 loaded
python/3.9.9 loaded
qmio-tools/0.1.1-python-3.9.9 unloaded
qmio-tools/0.1.2-python-3.9.9 loaded

Due to MODULEPATH changes, the following have been reloaded:
  1) libffi/3.4.2     2) python/3.9.9

The following have been reloaded with a version change:
  1) gmp/6.1.2 => gmp/6.3.0
  2) qmio-tools/0.1.1-python-3.9.9 => qmio-tools/0.1.2-python-3.9.9

Importing calibrations from  /opt/cesga/qmio/hpc/calibrations/2024_07_09__12_00_01.json
Importing calibrations from  /opt/cesga/qmio/hpc/calibrations/2024_07_09__12_00_01.json
{'1100010': 30, '0011000': 111, '0111011': 91, '0001011': 98, '1100110': 39, '1010000': 44, '1010010': 30, '0100011': 73, '0110110': 89, '1101111': 32, '1110101': 31, '0000101': 110, '0010001': 88, '0111010': 91, '0010101': 104, '0100001': 120, '1111111': 25, '1111100': 35, '1000010': 32, '0101011': 82, '1010110': 35, '1010011': 44, '0100010': 98, '0111000': 104, '1111110': 29, '0011100': 99, '1100011': 31, '0011001': 107, '0101000': 93, '0000000': 78, '0011110': 91, '1110111': 19, '0001100': 100, '1100001': 38, '1011111': 25, '1010111': 25, '0100110': 92, '1001011': 27, '0110001': 103, '0101111': 84, '0101001': 90, '1100111': 32, '1101100': 25, '1001000': 26, '1000011': 38, '0000001': 96, '0110111': 105, '0010100': 91, '1011010': 33, '1000110': 34, '0011111': 89, '1101011': 29, '0001010': 97, '1101110': 24, '0101110': 100, '1100100': 35, '1011001': 23, '1110001': 42, '1100101': 30, '0100000': 100, '0000111': 75, '1011011': 31, '0011010': 84, '1000001': 31, '0110010': 99, '1001110': 35, '0001111': 109, '1000111': 23, '1010100': 37, '0101010': 70, '1111001': 36, '0010011': 101, '1110110': 35, '0110100': 99, '1010101': 42, '0010000': 93, '1101000': 31, '0110000': 107, '0111101': 100, '0010010': 91, '1001100': 27, '1000100': 31, '1111010': 21, '1011110': 28, '0001000': 113, '1101101': 31, '0111001': 125, '1110010': 37, '1110100': 27, '0000010': 108, '0110101': 113, '0010111': 90, '0010110': 107, '1011101': 27, '0111110': 81, '0000011': 116, '0001110': 77, '1110011': 31, '1100000': 31, '0001001': 101, '1111101': 29, '0100101': 76, '0101101': 113, '0110011': 95, '0101100': 101, '0011011': 99, '0111100': 92, '1101010': 34, '0100111': 88, '0000100': 100, '0000110': 100, '0100100': 104, '1011100': 41, '1101001': 25, '0111111': 86, '1001111': 28, '1010001': 33, '1001101': 21, '1001001': 28, '1111000': 31, '0001101': 96, '0011101': 95, '1000000': 41, '1111011': 24, '1110000': 33, '1011000': 37, '1001010': 35, '1000101': 41}
Estimated amplitudes of the solution: [0.50832205 0.51167261 0.49234343 0.48723483]
Solution:  [1.3199585  1.32865888 1.27846684 1.26520136]

*****************************************************************************
*                                                                           *
*                    JOB EFFICIENCY REPORT (seff 13739)                   *
*                                                                           *
*****************************************************************************

Job ID: 13739
Cluster: qmio
User/Group: usceifft/usc
State: COMPLETED (exit code 0)
Nodes: 1
Cores per node: 64
CPU Utilized: 00:00:32
CPU Efficiency: 5.00% of 00:10:40 core-walltime
Job Wall-clock time: 00:00:10
Memory Utilized: 0.00 MB (estimated maximum)
Memory Efficiency: 0.00% of 64.00 GB (1.00 GB/core)

 +++++++++++++++++++++++++++++++++++++++++++++++++++++++++++++++++++++++++++
 ++   Memory Efficiency is too small. Please review the requested memory. ++
 ++ It seems that you do not need that much memory so we recommend        ++
 ++ requesting less memory in other similar jobs.                         ++
 +++++++++++++++++++++++++++++++++++++++++++++++++++++++++++++++++++++++++++
 
*****************************************************************************

