slurmstepd: info: Setting TMPDIR to /scratch/13754. Previous errors about TMPDIR can be discarded
libffi/3.4.2 loaded
gmp/6.1.2 loaded
glpk/4.65 loaded
python/3.9.9 loaded
qmio-run/0.1.3-python-3.9.9 loaded
qmio-tools/0.1.1-python-3.9.9 loaded
gcccore/12.3.0 loaded
binutils/2.40 loaded
gcc/12.3.0 loaded
rust/1.75.0 loaded
cmake/3.27.6 loaded

imkl/2023.2.0 loaded
ninja/1.9.0 loaded
meson/1.4.0-python-3.9.9 loaded
meson-python/0.16.0-python-3.9.9 loaded
cython/3.0.9-python-3.9.9 loaded
numpy/1.26.4-python-3.9.9 loaded
pythran/0.15.0-python-3.9.9 loaded
pybind11/2.12.0-python-3.9.9 loaded
xsimd/12.1.1 loaded
scipy/1.13.0-python-3.9.9 loaded
llvm/16.0.0 loaded
gmp/6.1.2 unloaded
gmp/6.3.0 loaded
mpfr/4.2.1 loaded
mpc/1.3.1 loaded
flint/3.1.2 loaded
symengine/0.11.2 loaded
symengine-python/0.11.0-python-3.9.9 loaded
spdlog/1.9.2 loaded
pylatexenc/2.10-python-3.9.9 loaded
libgd/2.3.3 loaded
nasm/2.16.03 loaded
libjpeg-turbo/3.0.2 loaded
matplotlib/3.5.3-python-3.9.9 loaded
pandas/2.2.2-python-3.9.9 loaded
seaborn/0.12.2-python-3.9.9 loaded
qiskit/1.0.2-python-3.9.9 loaded
libffi/3.4.2 unloaded
libffi/3.4.2 loaded
python/3.9.9 unloaded
sqlite/3.45.3 loaded
python/3.9.9 loaded
qmio-tools/0.1.1-python-3.9.9 unloaded
qmio-tools/0.1.2-python-3.9.9 loaded

Due to MODULEPATH changes, the following have been reloaded:
  1) libffi/3.4.2     2) python/3.9.9

The following have been reloaded with a version change:
  1) gmp/6.1.2 => gmp/6.3.0
  2) qmio-tools/0.1.1-python-3.9.9 => qmio-tools/0.1.2-python-3.9.9

Importing calibrations from  /opt/cesga/qmio/hpc/calibrations/2024_07_10__12_00_02.json
Importing calibrations from  /opt/cesga/qmio/hpc/calibrations/2024_07_10__12_00_02.json
{'1010100': 474, '0110000': 1137, '1100011': 500, '0010001': 1220, '1101111': 436, '0000101': 1144, '1110101': 506, '0001101': 1078, '1000101': 561, '1111001': 474, '1000001': 642, '0011010': 1042, '1100111': 467, '1010001': 588, '1001111': 455, '0101010': 991, '0001111': 970, '1010110': 520, '1010011': 516, '0101011': 1051, '0011100': 1029, '1001110': 403, '0110010': 1103, '0100011': 1066, '0110110': 1053, '1111110': 426, '1101110': 362, '0001010': 1034, '0101110': 940, '1111000': 536, '0001110': 1028, '1110011': 509, '0110101': 1189, '1100010': 492, '0010100': 1093, '0110111': 1081, '1011100': 482, '0101111': 1018, '0000001': 1175, '1000011': 517, '0101001': 1102, '0011111': 1005, '0111100': 1038, '1101010': 418, '1010010': 470, '1010000': 550, '0100111': 1020, '0000100': 1094, '0100001': 1259, '0010101': 1199, '0101000': 1012, '0011001': 1107, '0111000': 1146, '0100010': 1005, '1001000': 509, '1101100': 425, '1100001': 575, '1110111': 471, '0001100': 1102, '0000011': 1117, '0100110': 1060, '1001100': 437, '0010010': 1085, '0001011': 1023, '0011000': 1160, '0111011': 1070, '0111101': 1079, '1011001': 457, '1100100': 456, '1010101': 597, '0010000': 1216, '1101000': 484, '1001011': 431, '0000010': 1037, '1110100': 468, '0010110': 1050, '1011101': 424, '0010111': 1119, '0001001': 1170, '1100000': 532, '1111101': 437, '0111010': 950, '1000110': 463, '1011010': 429, '1000010': 524, '1111111': 434, '1111100': 438, '1011110': 387, '1110001': 527, '1100101': 566, '0110011': 1100, '0011011': 1127, '0101100': 1065, '0110001': 1195, '1011000': 569, '1110000': 513, '0111111': 1001, '1101001': 477, '0101101': 1065, '0110100': 1130, '1001101': 442, '1001001': 462, '0100000': 1105, '0000111': 1003, '1111011': 467, '0001000': 1168, '1101101': 436, '1100110': 518, '1111010': 421, '1000100': 471, '0011110': 978, '0000000': 1144, '0111110': 960, '1101011': 444, '0000110': 1038, '0100100': 1064, '0011101': 1103, '1000000': 533, '1011011': 503, '1110110': 449, '0010011': 1155, '0100101': 1089, '1000111': 459, '1001010': 439, '0111001': 1092, '1110010': 469, '1010111': 469, '1011111': 435}
Estimated amplitudes of the solution: [0.49544452 0.51903541 0.49333968 0.49168376]
Solution:  [0.78454291 0.82189938 0.78120987 0.77858769]

*****************************************************************************
*                                                                           *
*                    JOB EFFICIENCY REPORT (seff 13754)                   *
*                                                                           *
*****************************************************************************

Job ID: 13754
Cluster: qmio
User/Group: usceifft/usc
State: COMPLETED (exit code 0)
Nodes: 1
Cores per node: 64
CPU Utilized: 00:00:21
CPU Efficiency: 4.10% of 00:08:32 core-walltime
Job Wall-clock time: 00:00:08
Memory Utilized: 0.00 MB (estimated maximum)
Memory Efficiency: 0.00% of 64.00 GB (1.00 GB/core)

 +++++++++++++++++++++++++++++++++++++++++++++++++++++++++++++++++++++++++++
 ++   Memory Efficiency is too small. Please review the requested memory. ++
 ++ It seems that you do not need that much memory so we recommend        ++
 ++ requesting less memory in other similar jobs.                         ++
 +++++++++++++++++++++++++++++++++++++++++++++++++++++++++++++++++++++++++++
 
*****************************************************************************

