slurmstepd: info: Setting TMPDIR to /scratch/13741. Previous errors about TMPDIR can be discarded
libffi/3.4.2 loaded
gmp/6.1.2 loaded
glpk/4.65 loaded
python/3.9.9 loaded
qmio-run/0.1.3-python-3.9.9 loaded
qmio-tools/0.1.1-python-3.9.9 loaded
gcccore/12.3.0 loaded
binutils/2.40 loaded
gcc/12.3.0 loaded
rust/1.75.0 loaded
cmake/3.27.6 loaded

imkl/2023.2.0 loaded
ninja/1.9.0 loaded
meson/1.4.0-python-3.9.9 loaded
meson-python/0.16.0-python-3.9.9 loaded
cython/3.0.9-python-3.9.9 loaded
numpy/1.26.4-python-3.9.9 loaded
pythran/0.15.0-python-3.9.9 loaded
pybind11/2.12.0-python-3.9.9 loaded
xsimd/12.1.1 loaded
scipy/1.13.0-python-3.9.9 loaded
llvm/16.0.0 loaded
gmp/6.1.2 unloaded
gmp/6.3.0 loaded
mpfr/4.2.1 loaded
mpc/1.3.1 loaded
flint/3.1.2 loaded
symengine/0.11.2 loaded
symengine-python/0.11.0-python-3.9.9 loaded
spdlog/1.9.2 loaded
pylatexenc/2.10-python-3.9.9 loaded
libgd/2.3.3 loaded
nasm/2.16.03 loaded
libjpeg-turbo/3.0.2 loaded
matplotlib/3.5.3-python-3.9.9 loaded
pandas/2.2.2-python-3.9.9 loaded
seaborn/0.12.2-python-3.9.9 loaded
qiskit/1.0.2-python-3.9.9 loaded
libffi/3.4.2 unloaded
libffi/3.4.2 loaded
python/3.9.9 unloaded
sqlite/3.45.3 loaded
python/3.9.9 loaded
qmio-tools/0.1.1-python-3.9.9 unloaded
qmio-tools/0.1.2-python-3.9.9 loaded

Due to MODULEPATH changes, the following have been reloaded:
  1) libffi/3.4.2     2) python/3.9.9

The following have been reloaded with a version change:
  1) gmp/6.1.2 => gmp/6.3.0
  2) qmio-tools/0.1.1-python-3.9.9 => qmio-tools/0.1.2-python-3.9.9

Importing calibrations from  /opt/cesga/qmio/hpc/calibrations/2024_07_09__12_00_01.json
Importing calibrations from  /opt/cesga/qmio/hpc/calibrations/2024_07_09__12_00_01.json
{'1010101': 391, '0001110': 1113, '1110011': 425, '0100101': 1237, '0011100': 1220, '0110111': 1128, '1100111': 410, '0100011': 1158, '0110110': 1124, '0011000': 1227, '0001011': 1076, '0111011': 1067, '0110000': 1337, '1110101': 456, '0000101': 1196, '1101111': 296, '0001010': 1057, '1101110': 371, '1100001': 499, '1001000': 442, '1101100': 371, '0000100': 1312, '0100111': 1116, '1011001': 356, '1100100': 468, '0001101': 1140, '0101011': 1059, '0001100': 1191, '1110111': 332, '1111001': 357, '0100110': 1212, '0011011': 1021, '0110011': 1101, '0101100': 1173, '0110001': 1241, '1111010': 339, '1000100': 445, '0101000': 1277, '0011001': 1103, '0100000': 1390, '0000111': 1108, '0000000': 1315, '0011110': 1049, '0000001': 1218, '1000011': 376, '0101001': 1191, '0101111': 971, '0100001': 1303, '0010101': 1227, '1110110': 379, '0010011': 1092, '1011011': 367, '1101010': 370, '0111100': 1131, '1100011': 404, '1000111': 367, '1010100': 461, '0010010': 1139, '1001100': 369, '0010100': 1296, '1010001': 426, '1001111': 367, '0111110': 1082, '1011100': 398, '0100010': 1288, '0111000': 1319, '1110100': 460, '0000010': 1208, '0110101': 1196, '0111001': 1151, '1110010': 398, '1100101': 416, '1110001': 485, '1111110': 343, '0110100': 1322, '1100010': 424, '0111010': 1069, '1110000': 482, '1011000': 470, '0101101': 1126, '1111111': 325, '1111100': 409, '1000010': 469, '0010001': 1207, '1000101': 480, '0001111': 1029, '0110010': 1207, '1001110': 323, '0011111': 996, '0001000': 1288, '1101101': 364, '0101110': 1080, '1101001': 374, '0111111': 1010, '0000110': 1123, '0100100': 1337, '1100110': 452, '1010111': 344, '1011111': 345, '0101010': 1113, '1001010': 320, '0011010': 1040, '1000001': 452, '0010111': 1095, '1011101': 326, '0010110': 1089, '1000110': 422, '1011010': 322, '0000011': 1125, '0011101': 1062, '1000000': 481, '1011110': 344, '0111101': 1098, '1010011': 385, '1010110': 458, '1001101': 338, '1001001': 382, '1111011': 371, '0010000': 1264, '1101000': 472, '1010010': 398, '1010000': 427, '1101011': 369, '1111000': 485, '1100000': 483, '0001001': 1186, '1111101': 372, '1001011': 362}
Estimated amplitudes of the solution: [0.33863468 0.33220933 0.33152534 0.32567778 0.33844138 0.33069893
 0.32553294 0.32444041 0.3368829  0.3300055  0.32064077 0.32207207
 0.33035276 0.32675799 0.32480581 0.3184959  0.33530248 0.33145671
 0.32668631 0.32326275 0.3374048  0.33282132 0.3230405  0.32348454
 0.33282132 0.32407377 0.31934369 0.31787505 0.33234562 0.32101929
 0.32003234 0.31591106 0.34336316 0.33785948 0.3368829  0.32804025
 0.34004223 0.33349738 0.33179944 0.32502446 0.33616131 0.33035276
 0.32480581 0.32079234 0.32909744 0.32575013 0.32237098 0.31390975
 0.34004223 0.33376665 0.33145671 0.32392676 0.33908444 0.33069893
 0.32560538 0.32589468 0.33889191 0.32754338 0.32154697 0.32139647
 0.32611115 0.32370588 0.32252012 0.31701539 0.26335179 0.25928931
 0.26169367 0.24762641 0.25827954 0.2632148  0.25487551 0.24613111
 0.25784313 0.24860842 0.23784142 0.24528847 0.24646576 0.24111775
 0.23839691 0.24613111 0.25562714 0.25547735 0.25117174 0.2490951
 0.26057049 0.25005998 0.26014553 0.24218074 0.26183305 0.24426571
 0.23821218 0.24613111 0.25117174 0.23894855 0.24218074 0.24235656
 0.26362512 0.26578174 0.25517696 0.25211306 0.26155406 0.25396469
 0.25928931 0.25304395 0.26211115 0.24729646 0.24663257 0.24646576
 0.24679905 0.24562657 0.24679905 0.23325068 0.26348856 0.2638976
 0.25117174 0.25532729 0.26042907 0.25986106 0.24811887 0.2400405
 0.2638976  0.24443706 0.24129589 0.24679905 0.25288952 0.24696519
 0.24200455 0.2387651 ]
Solution:  [0.89667703 0.87966321 0.87785208 0.86236821 0.89616518 0.87566381
 0.86198468 0.85909175 0.89203845 0.87382764 0.84903062 0.85282058
 0.87474717 0.86522851 0.8600593  0.84335117 0.88785363 0.87767034
 0.8650387  0.85597339 0.89342038 0.88128372 0.85538489 0.85656068
 0.88128372 0.85812091 0.84559604 0.8417072  0.8800241  0.8500329
 0.84741955 0.83650673 0.90919765 0.89462434 0.89203845 0.86862384
 0.90040409 0.88307386 0.87857787 0.86063827 0.89012773 0.87474717
 0.8600593  0.84943196 0.87142318 0.86255978 0.85361207 0.83120743
 0.90040409 0.88378688 0.87767034 0.85773165 0.89786795 0.87566381
 0.86217651 0.86294255 0.89735814 0.86730817 0.85143017 0.85103165
 0.86351574 0.85714677 0.85400698 0.8394309  0.69733406 0.68657694
 0.69294349 0.65569454 0.68390316 0.69697133 0.67488957 0.65173512
 0.68274759 0.65829483 0.62978469 0.64950388 0.65262123 0.63846013
 0.63125559 0.65173512 0.67687983 0.67648319 0.66508228 0.65958351
 0.68996941 0.66213843 0.68884415 0.64127486 0.69331257 0.64679567
 0.63076643 0.65173512 0.66508228 0.63271628 0.64127486 0.6417404
 0.69805781 0.70376837 0.67568779 0.66757482 0.69257382 0.67247778
 0.68657694 0.67003975 0.69404896 0.65482086 0.65306294 0.65262123
 0.65350375 0.65039913 0.65350375 0.61762879 0.69769621 0.69877932
 0.66508228 0.67608584 0.68959494 0.6880909  0.65699855 0.63560767
 0.69877932 0.64724941 0.63893184 0.65350375 0.66963082 0.65394367
 0.64080831 0.63223051]

*****************************************************************************
*                                                                           *
*                    JOB EFFICIENCY REPORT (seff 13741)                   *
*                                                                           *
*****************************************************************************

Job ID: 13741
Cluster: qmio
User/Group: usceifft/usc
State: COMPLETED (exit code 0)
Nodes: 1
Cores per node: 64
CPU Utilized: 00:00:31
CPU Efficiency: 5.38% of 00:09:36 core-walltime
Job Wall-clock time: 00:00:09
Memory Utilized: 0.00 MB (estimated maximum)
Memory Efficiency: 0.00% of 64.00 GB (1.00 GB/core)

 +++++++++++++++++++++++++++++++++++++++++++++++++++++++++++++++++++++++++++
 ++   Memory Efficiency is too small. Please review the requested memory. ++
 ++ It seems that you do not need that much memory so we recommend        ++
 ++ requesting less memory in other similar jobs.                         ++
 +++++++++++++++++++++++++++++++++++++++++++++++++++++++++++++++++++++++++++
 
*****************************************************************************

