slurmstepd: info: Setting TMPDIR to /scratch/13746. Previous errors about TMPDIR can be discarded
libffi/3.4.2 loaded
gmp/6.1.2 loaded
glpk/4.65 loaded
python/3.9.9 loaded
qmio-run/0.1.3-python-3.9.9 loaded
qmio-tools/0.1.1-python-3.9.9 loaded
gcccore/12.3.0 loaded
binutils/2.40 loaded
gcc/12.3.0 loaded
rust/1.75.0 loaded
cmake/3.27.6 loaded

imkl/2023.2.0 loaded
ninja/1.9.0 loaded
meson/1.4.0-python-3.9.9 loaded
meson-python/0.16.0-python-3.9.9 loaded
cython/3.0.9-python-3.9.9 loaded
numpy/1.26.4-python-3.9.9 loaded
pythran/0.15.0-python-3.9.9 loaded
pybind11/2.12.0-python-3.9.9 loaded
xsimd/12.1.1 loaded
scipy/1.13.0-python-3.9.9 loaded
llvm/16.0.0 loaded
gmp/6.1.2 unloaded
gmp/6.3.0 loaded
mpfr/4.2.1 loaded
mpc/1.3.1 loaded
flint/3.1.2 loaded
symengine/0.11.2 loaded
symengine-python/0.11.0-python-3.9.9 loaded
spdlog/1.9.2 loaded
pylatexenc/2.10-python-3.9.9 loaded
libgd/2.3.3 loaded
nasm/2.16.03 loaded
libjpeg-turbo/3.0.2 loaded
matplotlib/3.5.3-python-3.9.9 loaded
pandas/2.2.2-python-3.9.9 loaded
seaborn/0.12.2-python-3.9.9 loaded
qiskit/1.0.2-python-3.9.9 loaded
libffi/3.4.2 unloaded
libffi/3.4.2 loaded
python/3.9.9 unloaded
sqlite/3.45.3 loaded
python/3.9.9 loaded
qmio-tools/0.1.1-python-3.9.9 unloaded
qmio-tools/0.1.2-python-3.9.9 loaded

Due to MODULEPATH changes, the following have been reloaded:
  1) libffi/3.4.2     2) python/3.9.9

The following have been reloaded with a version change:
  1) gmp/6.1.2 => gmp/6.3.0
  2) qmio-tools/0.1.1-python-3.9.9 => qmio-tools/0.1.2-python-3.9.9

Importing calibrations from  /opt/cesga/qmio/hpc/calibrations/2024_07_09__12_00_01.json
Importing calibrations from  /opt/cesga/qmio/hpc/calibrations/2024_07_09__12_00_01.json
{'1000010': 428, '0100011': 1172, '0110110': 1004, '0101101': 1177, '0001101': 1202, '0001010': 920, '1101110': 386, '0011000': 1198, '0001011': 1061, '0111011': 1128, '1011000': 497, '1110000': 531, '1111001': 487, '1111100': 421, '1111111': 366, '0110111': 1093, '0101111': 1073, '0101001': 1290, '1100011': 451, '0101010': 968, '0110101': 1285, '0111000': 1277, '0100010': 1031, '0111110': 984, '0010001': 1254, '1001010': 360, '0010010': 1024, '1001100': 409, '0011100': 1033, '0000110': 970, '0100100': 1099, '0110001': 1342, '1111010': 371, '1000100': 439, '0100101': 1198, '0011001': 1279, '0101000': 1196, '0000111': 1017, '0100000': 1233, '0100110': 990, '0101110': 985, '1100001': 548, '0010100': 1047, '0010110': 1004, '1011101': 450, '0010111': 1041, '0000010': 1048, '1110100': 468, '1010011': 447, '1010110': 413, '0010101': 1233, '0100001': 1356, '1010001': 571, '1001111': 404, '1110011': 410, '0001110': 984, '1000011': 487, '0000001': 1272, '1000001': 549, '0011010': 999, '1101100': 389, '1001000': 464, '1100111': 435, '1111110': 361, '0111010': 955, '1110110': 413, '0010011': 1091, '1011011': 448, '0011111': 1070, '1011010': 372, '1000110': 400, '1100010': 482, '0100111': 1058, '0000100': 1056, '0000101': 1195, '1110101': 522, '1101111': 418, '1110001': 571, '1100101': 510, '1111011': 408, '0001111': 1041, '0110010': 1128, '1001110': 383, '1011001': 477, '1100100': 416, '0011110': 925, '0000000': 1269, '0110100': 1121, '0101100': 1027, '0110011': 1122, '0011011': 1036, '0111100': 1058, '1101010': 375, '0110000': 1275, '1100110': 395, '1010100': 424, '1000111': 413, '0011101': 1142, '1000000': 500, '1010101': 533, '0010000': 1193, '1101000': 490, '0111101': 1131, '0001000': 1263, '1101101': 482, '1111000': 471, '0111001': 1329, '1110010': 415, '1001011': 445, '1010111': 463, '1011111': 385, '0000011': 1135, '1101011': 427, '0101011': 1035, '0001100': 1037, '1110111': 413, '1101001': 456, '0111111': 1022, '1000101': 498, '1011100': 406, '0001001': 1271, '1100000': 528, '1111101': 435, '1010010': 402, '1010000': 470, '1011110': 404, '1001001': 530, '1001101': 426}
Estimated amplitudes of the solution: [0.50252068 0.51440422 0.48336186 0.49922196]
Solution:  [0.74393608 0.76152858 0.71557319 0.73905262]

*****************************************************************************
*                                                                           *
*                    JOB EFFICIENCY REPORT (seff 13746)                   *
*                                                                           *
*****************************************************************************

Job ID: 13746
Cluster: qmio
User/Group: usceifft/usc
State: COMPLETED (exit code 0)
Nodes: 1
Cores per node: 64
CPU Utilized: 00:00:28
CPU Efficiency: 5.47% of 00:08:32 core-walltime
Job Wall-clock time: 00:00:08
Memory Utilized: 0.00 MB (estimated maximum)
Memory Efficiency: 0.00% of 64.00 GB (1.00 GB/core)

 +++++++++++++++++++++++++++++++++++++++++++++++++++++++++++++++++++++++++++
 ++   Memory Efficiency is too small. Please review the requested memory. ++
 ++ It seems that you do not need that much memory so we recommend        ++
 ++ requesting less memory in other similar jobs.                         ++
 +++++++++++++++++++++++++++++++++++++++++++++++++++++++++++++++++++++++++++
 
*****************************************************************************

