slurmstepd: info: Setting TMPDIR to /scratch/13742. Previous errors about TMPDIR can be discarded
libffi/3.4.2 loaded
gmp/6.1.2 loaded
glpk/4.65 loaded
python/3.9.9 loaded
qmio-run/0.1.3-python-3.9.9 loaded
qmio-tools/0.1.1-python-3.9.9 loaded
gcccore/12.3.0 loaded
binutils/2.40 loaded
gcc/12.3.0 loaded
rust/1.75.0 loaded
cmake/3.27.6 loaded

imkl/2023.2.0 loaded
ninja/1.9.0 loaded
meson/1.4.0-python-3.9.9 loaded
meson-python/0.16.0-python-3.9.9 loaded
cython/3.0.9-python-3.9.9 loaded
numpy/1.26.4-python-3.9.9 loaded
pythran/0.15.0-python-3.9.9 loaded
pybind11/2.12.0-python-3.9.9 loaded
xsimd/12.1.1 loaded
scipy/1.13.0-python-3.9.9 loaded
llvm/16.0.0 loaded
gmp/6.1.2 unloaded
gmp/6.3.0 loaded
mpfr/4.2.1 loaded
mpc/1.3.1 loaded
flint/3.1.2 loaded
symengine/0.11.2 loaded
symengine-python/0.11.0-python-3.9.9 loaded
spdlog/1.9.2 loaded
pylatexenc/2.10-python-3.9.9 loaded
libgd/2.3.3 loaded
nasm/2.16.03 loaded
libjpeg-turbo/3.0.2 loaded
matplotlib/3.5.3-python-3.9.9 loaded
pandas/2.2.2-python-3.9.9 loaded
seaborn/0.12.2-python-3.9.9 loaded
qiskit/1.0.2-python-3.9.9 loaded
libffi/3.4.2 unloaded
libffi/3.4.2 loaded
python/3.9.9 unloaded
sqlite/3.45.3 loaded
python/3.9.9 loaded
qmio-tools/0.1.1-python-3.9.9 unloaded
qmio-tools/0.1.2-python-3.9.9 loaded

Due to MODULEPATH changes, the following have been reloaded:
  1) libffi/3.4.2     2) python/3.9.9

The following have been reloaded with a version change:
  1) gmp/6.1.2 => gmp/6.3.0
  2) qmio-tools/0.1.1-python-3.9.9 => qmio-tools/0.1.2-python-3.9.9

Importing calibrations from  /opt/cesga/qmio/hpc/calibrations/2024_07_09__12_00_01.json
Importing calibrations from  /opt/cesga/qmio/hpc/calibrations/2024_07_09__12_00_01.json
{'0111010': 1095, '0110100': 1203, '1011110': 369, '0010100': 1268, '0010001': 1173, '1001111': 376, '1010001': 489, '0010101': 1158, '0100001': 1207, '0001110': 1063, '1110011': 417, '1100010': 460, '1000001': 483, '0011010': 1028, '1100111': 417, '0000110': 1133, '0100100': 1178, '1001011': 384, '1100011': 460, '0011100': 1204, '0000101': 1193, '1101111': 366, '1110101': 439, '0001010': 1083, '1101110': 400, '1011011': 428, '0110110': 1117, '0100011': 1097, '1011000': 457, '1110000': 522, '0110111': 1078, '0101101': 1094, '1010011': 398, '1010110': 441, '1001000': 481, '1101100': 443, '1100001': 501, '0101111': 1030, '0101001': 1129, '0000001': 1204, '1000011': 405, '0011000': 1236, '0111011': 1029, '0001011': 946, '0101000': 1233, '0011001': 1145, '0100110': 1136, '0000000': 1275, '0011110': 1069, '0110101': 1180, '0111000': 1198, '0100010': 1145, '0101010': 1108, '0100000': 1314, '0000111': 1013, '0000011': 1017, '1111000': 486, '0110000': 1275, '0011111': 1003, '1010010': 425, '1010000': 512, '0111100': 1174, '1101010': 364, '0100111': 1107, '0000100': 1211, '1011001': 420, '1100100': 479, '0101011': 1099, '0001100': 1133, '1110111': 397, '0111101': 1039, '0010000': 1192, '1101000': 466, '1010101': 483, '0001000': 1261, '1101101': 397, '0110011': 1064, '0011011': 1044, '0101100': 1136, '1111110': 385, '1101011': 365, '1011100': 446, '1010100': 453, '1000111': 395, '0001111': 1014, '0110010': 1175, '1001110': 398, '0110001': 1195, '0111001': 1136, '1110010': 506, '1010111': 377, '1011111': 374, '0010110': 1119, '1011101': 416, '0010111': 1108, '0000010': 1135, '1110100': 474, '0001101': 1126, '1000101': 479, '1100110': 462, '0011101': 1106, '1000000': 511, '1110001': 449, '1100101': 488, '1000010': 471, '1111100': 439, '1111111': 415, '1001100': 485, '0010010': 1183, '1111010': 361, '1000100': 472, '0100101': 1153, '1001010': 383, '0101110': 1014, '1111011': 416, '1001001': 416, '1001101': 405, '1101001': 416, '0111111': 984, '0111110': 1030, '1000110': 465, '1011010': 396, '0010011': 1054, '1110110': 458, '1111001': 399, '1100000': 500, '0001001': 1087, '1111101': 424}
Estimated amplitudes of the solution: [0.26736541 0.26362512 0.26197221 0.25226892]
Solution:  [0.73897923 0.72864131 0.7240728  0.6972536 ]

*****************************************************************************
*                                                                           *
*                    JOB EFFICIENCY REPORT (seff 13742)                   *
*                                                                           *
*****************************************************************************

Job ID: 13742
Cluster: qmio
User/Group: usceifft/usc
State: COMPLETED (exit code 0)
Nodes: 1
Cores per node: 64
CPU Utilized: 00:00:24
CPU Efficiency: 4.69% of 00:08:32 core-walltime
Job Wall-clock time: 00:00:08
Memory Utilized: 0.00 MB (estimated maximum)
Memory Efficiency: 0.00% of 64.00 GB (1.00 GB/core)

 +++++++++++++++++++++++++++++++++++++++++++++++++++++++++++++++++++++++++++
 ++   Memory Efficiency is too small. Please review the requested memory. ++
 ++ It seems that you do not need that much memory so we recommend        ++
 ++ requesting less memory in other similar jobs.                         ++
 +++++++++++++++++++++++++++++++++++++++++++++++++++++++++++++++++++++++++++
 
*****************************************************************************

