slurmstepd: info: Setting TMPDIR to /scratch/13820. Previous errors about TMPDIR can be discarded
qmio-tools/0.1.1-python-3.9.9 unloaded
qmio-tools/0.1.1-python-3.9.9 loaded
gcccore/12.3.0 loaded
binutils/2.40 loaded
gcc/12.3.0 loaded
rust/1.75.0 loaded
cmake/3.27.6 loaded

imkl/2023.2.0 loaded
ninja/1.9.0 loaded
meson/1.4.0-python-3.9.9 loaded
meson-python/0.16.0-python-3.9.9 loaded
cython/3.0.9-python-3.9.9 loaded
numpy/1.26.4-python-3.9.9 loaded
pythran/0.15.0-python-3.9.9 loaded
pybind11/2.12.0-python-3.9.9 loaded
xsimd/12.1.1 loaded
scipy/1.13.0-python-3.9.9 loaded
llvm/16.0.0 loaded
gmp/6.1.2 unloaded
gmp/6.3.0 loaded
mpfr/4.2.1 loaded
mpc/1.3.1 loaded
flint/3.1.2 loaded
symengine/0.11.2 loaded
symengine-python/0.11.0-python-3.9.9 loaded
spdlog/1.9.2 loaded
pylatexenc/2.10-python-3.9.9 loaded
libgd/2.3.3 loaded
nasm/2.16.03 loaded
libjpeg-turbo/3.0.2 loaded
matplotlib/3.5.3-python-3.9.9 loaded
pandas/2.2.2-python-3.9.9 loaded
seaborn/0.12.2-python-3.9.9 loaded
qiskit/1.0.2-python-3.9.9 loaded
libffi/3.4.2 unloaded
libffi/3.4.2 loaded
python/3.9.9 unloaded
sqlite/3.45.3 loaded
python/3.9.9 loaded
qmio-tools/0.1.1-python-3.9.9 unloaded
qmio-tools/0.1.2-python-3.9.9 loaded

Due to MODULEPATH changes, the following have been reloaded:
  1) libffi/3.4.2     2) python/3.9.9

The following have been reloaded with a version change:
  1) gmp/6.1.2 => gmp/6.3.0
  2) qmio-tools/0.1.1-python-3.9.9 => qmio-tools/0.1.2-python-3.9.9



-------------PRUEBA VECTOR B-------------


[0. 1.] 

Importing calibrations from  /opt/cesga/qmio/hpc/calibrations/2024_07_11__12_00_02.json
[-0.91914503 -0.3939193 ]
{'000000': 0, '000001': 0, '000010': 0, '000011': 0, '000100': 0, '000101': 0, '000110': 0, '000111': 0, '001000': 0, '001001': 0, '001010': 0, '001011': 0, '001100': 0, '001101': 0, '001110': 0, '001111': 0, '010000': 0, '010001': 0, '010010': 0, '010011': 0, '010100': 0, '010101': 0, '010110': 0, '010111': 0, '011000': 0, '011001': 0, '011010': 0, '011011': 0, '011100': 0, '011101': 0, '011110': 0, '011111': 0, '100000': 0, '100001': 0, '100010': 0, '100011': 0, '100100': 0, '100101': 0, '100110': 0, '100111': 0, '101000': 0, '101001': 0, '101010': 0, '101011': 0, '101100': 0, '101101': 0, '101110': 0, '101111': 0, '110000': 0, '110001': 0, '110010': 0, '110011': 0, '110100': 0, '110101': 0, '110110': 0, '110111': 0, '111000': 0, '111001': 0, '111010': 0, '111011': 0, '111100': 0, '111101': 0, '111110': 0, '111111': 0}
