slurmstepd: info: Setting TMPDIR to /scratch/13680. Previous errors about TMPDIR can be discarded
libffi/3.4.2 loaded
gmp/6.1.2 loaded
glpk/4.65 loaded
python/3.9.9 loaded
qmio-run/0.1.3-python-3.9.9 loaded
qmio-tools/0.1.1-python-3.9.9 loaded
gcccore/12.3.0 loaded
binutils/2.40 loaded
gcc/12.3.0 loaded
rust/1.75.0 loaded
cmake/3.27.6 loaded

imkl/2023.2.0 loaded
ninja/1.9.0 loaded
meson/1.4.0-python-3.9.9 loaded
meson-python/0.16.0-python-3.9.9 loaded
cython/3.0.9-python-3.9.9 loaded
numpy/1.26.4-python-3.9.9 loaded
pythran/0.15.0-python-3.9.9 loaded
pybind11/2.12.0-python-3.9.9 loaded
xsimd/12.1.1 loaded
scipy/1.13.0-python-3.9.9 loaded
llvm/16.0.0 loaded
gmp/6.1.2 unloaded
gmp/6.3.0 loaded
mpfr/4.2.1 loaded
mpc/1.3.1 loaded
flint/3.1.2 loaded
symengine/0.11.2 loaded
symengine-python/0.11.0-python-3.9.9 loaded
spdlog/1.9.2 loaded
pylatexenc/2.10-python-3.9.9 loaded
libgd/2.3.3 loaded
nasm/2.16.03 loaded
libjpeg-turbo/3.0.2 loaded
matplotlib/3.5.3-python-3.9.9 loaded
pandas/2.2.2-python-3.9.9 loaded
seaborn/0.12.2-python-3.9.9 loaded
qiskit/1.0.2-python-3.9.9 loaded
libffi/3.4.2 unloaded
libffi/3.4.2 loaded
python/3.9.9 unloaded
sqlite/3.45.3 loaded
python/3.9.9 loaded
qmio-tools/0.1.1-python-3.9.9 unloaded
qmio-tools/0.1.2-python-3.9.9 loaded

Due to MODULEPATH changes, the following have been reloaded:
  1) libffi/3.4.2     2) python/3.9.9

The following have been reloaded with a version change:
  1) gmp/6.1.2 => gmp/6.3.0
  2) qmio-tools/0.1.1-python-3.9.9 => qmio-tools/0.1.2-python-3.9.9

Importing calibrations from  /opt/cesga/qmio/hpc/calibrations/2024_07_09__12_00_01.json
Importing calibrations from  /opt/cesga/qmio/hpc/calibrations/2024_07_09__12_00_01.json
{'1110101': 31, '1100001': 35, '0110111': 94, '0110110': 100, '0100011': 101, '0001011': 85, '0111011': 98, '0011000': 106, '0000101': 107, '1101111': 21, '0001010': 92, '1110010': 37, '0111001': 102, '1101110': 29, '0100111': 93, '0000100': 75, '0011111': 74, '0010101': 86, '0100001': 95, '1111000': 44, '0111110': 85, '0001110': 96, '1110011': 24, '0110001': 96, '1001011': 35, '1011011': 33, '0010100': 91, '1101010': 39, '0111100': 110, '1100011': 29, '0011100': 90, '1111011': 28, '0011001': 108, '0101000': 108, '0000000': 94, '0011110': 95, '0101101': 94, '0111010': 82, '0010001': 85, '1000000': 42, '0011101': 96, '1101100': 39, '1001000': 31, '1100111': 35, '1111110': 35, '0100010': 88, '0111000': 106, '1101001': 30, '0111111': 86, '0000011': 88, '0100110': 78, '0101111': 97, '0101001': 87, '0000001': 104, '1000011': 36, '1011100': 37, '0001111': 79, '0110010': 106, '1001110': 31, '0101010': 86, '0110011': 103, '0011011': 88, '0101100': 121, '0011010': 109, '1000001': 32, '1011000': 36, '1110000': 33, '1000010': 37, '1111111': 40, '1111100': 28, '0010010': 106, '1001100': 27, '0110101': 96, '1110100': 28, '0000010': 97, '0010111': 81, '0010110': 76, '1011101': 29, '0101110': 90, '0001101': 99, '1101011': 26, '0100000': 110, '0000111': 105, '1100110': 26, '0001100': 106, '1110111': 40, '0101011': 111, '0000110': 89, '0100100': 101, '1010010': 42, '1010000': 35, '0110000': 117, '0110100': 99, '1101101': 27, '0001000': 92, '0111101': 104, '1010100': 35, '1000111': 26, '1001111': 28, '1010001': 41, '0010000': 96, '1101000': 42, '1010101': 26, '1010111': 28, '1011111': 38, '1000100': 29, '1111010': 30, '1100010': 35, '1111001': 38, '0010011': 99, '1110110': 28, '1110001': 51, '1100101': 40, '0001001': 90, '1111101': 31, '1100000': 24, '1011001': 33, '1100100': 32, '1000110': 27, '1011010': 30, '1010110': 27, '1010011': 33, '0100101': 115, '1011110': 20, '1000101': 25, '1001101': 22, '1001001': 20, '1001010': 23}
Estimated amplitudes of the solution: [0.51396513 0.50328511 0.49051054 0.49187738]
Solution:  [1.34590665 1.31793916 1.28448674 1.28806606]
